This is pdfTeX, Version 3.141592-1.40.3 (MiKTeX 2.6) (preloaded format=latex 2007.9.19)  21 SEP 2007 13:51
entering extended mode
**\makeatletter\def\HCode{\futurelet\HCode\HChar}\def\HChar{\ifx\HCode\def\HCod
e##1{\Link##1}\expandafter\HCode\else\expandafter\Link\fi}\def\Link#1.a.b.c.{\g
@addto@macro\@documentclasshook{\RequirePackage[#1,xhtml,mozilla]{tex4ht}}\let\
HCode\documentstyle\def\documentstyle{\let\documentstyle\HCode\expandafter\def\
csname tex4ht\endcsname{#1,xhtml,mozilla}\def\HCode####1{\documentstyle[tex4ht,
}\@ifnextchar[{\HCode}{\documentstyle[tex4ht]}}}\makeatother\HCode html.a.b.c.\
input  c:\temp.tex

! Emergency stop.
<*> ...akeatother\HCode html.a.b.c.\input  c:\temp
                                                  .tex
End of file on the terminal!

 
Here is how much of TeX's memory you used:
 4 strings out of 95306
 55 string characters out of 1185183
 44877 words of memory out of 1048577
 3289 multiletter control sequences out of 60000
 3640 words of font info for 14 fonts, out of 1000000 for 2000
 14 hyphenation exceptions out of 8191
 4i,0n,3p,1b,8s stack positions out of 5000i,500n,10000p,200000b,32768s
No pages of output.
